<?xml version="1.0" encoding="UTF-8"?>
<!-- Generated by org.testng.reporters.JUnitReportReporter -->
<testsuite hostname="DESKTOP-FH0FP92" failures="0" tests="1" name="testCases.TC001_AccountRegistrationTest" time="3.948" errors="0" timestamp="2025-03-18T00:07:24 IST" skipped="0">
  <testcase classname="testCases.TC001_AccountRegistrationTest" name="verify_account_registration" time="3.948"/>
</testsuite> <!-- testCases.TC001_AccountRegistrationTest -->
