<?xml version="1.0" encoding="UTF-8"?>
<!-- Generated by org.testng.reporters.JUnitReportReporter -->
<testsuite hostname="DESKTOP-FH0FP92" failures="0" tests="5" name="testCases.TC003_login_DDT" time="55.696" errors="0" timestamp="2025-03-19T00:15:24 IST" skipped="0">
  <testcase classname="testCases.TC003_login_DDT" name="verify_loginDDT" time="14.391"/>
  <testcase classname="testCases.TC003_login_DDT" name="verify_loginDDT" time="5.308"/>
  <testcase classname="testCases.TC003_login_DDT" name="verify_loginDDT" time="14.389"/>
  <testcase classname="testCases.TC003_login_DDT" name="verify_loginDDT" time="15.997"/>
  <testcase classname="testCases.TC003_login_DDT" name="verify_loginDDT" time="5.611"/>
</testsuite> <!-- testCases.TC003_login_DDT -->
