<?xml version="1.0" encoding="UTF-8"?>
<!-- Generated by org.testng.reporters.JUnitReportReporter -->
<testsuite hostname="DESKTOP-FH0FP92" failures="0" tests="1" name="testCases.TC001_AccountRegistrationTest" time="51.551" errors="0" timestamp="2025-03-22T02:04:55 IST" skipped="0">
  <testcase classname="testCases.TC001_AccountRegistrationTest" name="verify_account_registration" time="51.551"/>
</testsuite> <!-- testCases.TC001_AccountRegistrationTest -->
